# JRE version: Java(TM) SE Runtime Environment (8.0_131-b11) (build 1.8.0_131-b11)
# Java VM: Java HotSpot(TM) 64-Bit Server VM (25.131-b11 mixed mode windows-amd64 compressed oops)
Heap:
 PSYoungGen      total 141824K, used 77688K [0x000000076b180000, 0x0000000774680000, 0x00000007c0000000)
  eden space 131072K, 59% used [0x000000076b180000,0x000000076fd5e278,0x0000000773180000)
  from space 10752K, 0% used [0x0000000773180000,0x0000000773180000,0x0000000773c00000)
  to   space 10752K, 0% used [0x0000000773c00000,0x0000000773c00000,0x0000000774680000)
 ParOldGen       total 166400K, used 38362K [0x00000006c1400000, 0x00000006cb680000, 0x000000076b180000)
  object space 166400K, 23% used [0x00000006c1400000,0x00000006c3976a40,0x00000006cb680000)
 Metaspace       used 23748K, capacity 24468K, committed 24576K, reserved 1071104K
  class space    used 2810K, capacity 2989K, committed 3072K, reserved 1048576K
GC Heap History (10 events):
Event: 1.862 GC heap before
{Heap before GC invocations=2 (full 0):
 PSYoungGen      total 76288K, used 75448K [0x000000076b180000, 0x0000000770680000, 0x00000007c0000000)
  eden space 65536K, 100% used [0x000000076b180000,0x000000076f180000,0x000000076f180000)
  from space 10752K, 92% used [0x000000076f180000,0x000000076fb2e128,0x000000076fc00000)
  to   space 10752K, 0% used [0x000000076fc00000,0x000000076fc00000,0x0000000770680000)
 ParOldGen       total 175104K, used 16K [0x00000006c1400000, 0x00000006cbf00000, 0x000000076b180000)
  object space 175104K, 0% used [0x00000006c1400000,0x00000006c1404000,0x00000006cbf00000)
 Metaspace       used 14549K, capacity 14804K, committed 14976K, reserved 1062912K
  class space    used 1762K, capacity 1848K, committed 1920K, reserved 1048576K
Event: 1.875 GC heap after
Heap after GC invocations=2 (full 0):
 PSYoungGen      total 76288K, used 10741K [0x000000076b180000, 0x0000000774680000, 0x00000007c0000000)
  eden space 65536K, 0% used [0x000000076b180000,0x000000076b180000,0x000000076f180000)
  from space 10752K, 99% used [0x000000076fc00000,0x000000077067d6f8,0x0000000770680000)
  to   space 10752K, 0% used [0x000000076f180000,0x000000076f180000,0x000000076fc00000)
 ParOldGen       total 175104K, used 504K [0x00000006c1400000, 0x00000006cbf00000, 0x000000076b180000)
  object space 175104K, 0% used [0x00000006c1400000,0x00000006c147e010,0x00000006cbf00000)
 Metaspace       used 14549K, capacity 14804K, committed 14976K, reserved 1062912K
  class space    used 1762K, capacity 1848K, committed 1920K, reserved 1048576K
}
Event: 2.655 GC heap before
{Heap before GC invocations=3 (full 0):
 PSYoungGen      total 76288K, used 76277K [0x000000076b180000, 0x0000000774680000, 0x00000007c0000000)
  eden space 65536K, 100% used [0x000000076b180000,0x000000076f180000,0x000000076f180000)
  from space 10752K, 99% used [0x000000076fc00000,0x000000077067d6f8,0x0000000770680000)
  to   space 10752K, 0% used [0x000000076f180000,0x000000076f180000,0x000000076fc00000)
 ParOldGen       total 175104K, used 504K [0x00000006c1400000, 0x00000006cbf00000, 0x000000076b180000)
  object space 175104K, 0% used [0x00000006c1400000,0x00000006c147e010,0x00000006cbf00000)
 Metaspace       used 15141K, capacity 15372K, committed 15488K, reserved 1062912K
  class space    used 1796K, capacity 1884K, committed 1920K, reserved 1048576K
Event: 2.680 GC heap after
Heap after GC invocations=3 (full 0):
 PSYoungGen      total 76288K, used 10744K [0x000000076b180000, 0x0000000774680000, 0x00000007c0000000)
  eden space 65536K, 0% used [0x000000076b180000,0x000000076b180000,0x000000076f180000)
  from space 10752K, 99% used [0x000000076f180000,0x000000076fbfe030,0x000000076fc00000)
  to   space 10752K, 0% used [0x0000000773c00000,0x0000000773c00000,0x0000000774680000)
 ParOldGen       total 175104K, used 6432K [0x00000006c1400000, 0x00000006cbf00000, 0x000000076b180000)
  object space 175104K, 3% used [0x00000006c1400000,0x00000006c1a48320,0x00000006cbf00000)
 Metaspace       used 15141K, capacity 15372K, committed 15488K, reserved 1062912K
  class space    used 1796K, capacity 1884K, committed 1920K, reserved 1048576K
}
Event: 3.926 GC heap before
{Heap before GC invocations=4 (full 0):
 PSYoungGen      total 76288K, used 76280K [0x000000076b180000, 0x0000000774680000, 0x00000007c0000000)
  eden space 65536K, 100% used [0x000000076b180000,0x000000076f180000,0x000000076f180000)
  from space 10752K, 99% used [0x000000076f180000,0x000000076fbfe030,0x000000076fc00000)
  to   space 10752K, 0% used [0x0000000773c00000,0x0000000773c00000,0x0000000774680000)
 ParOldGen       total 175104K, used 6432K [0x00000006c1400000, 0x00000006cbf00000, 0x000000076b180000)
  object space 175104K, 3% used [0x00000006c1400000,0x00000006c1a48320,0x00000006cbf00000)
 Metaspace       used 15542K, capacity 15774K, committed 16000K, reserved 1062912K
  class space    used 1810K, capacity 1887K, committed 1920K, reserved 1048576K
Event: 3.941 GC heap after
Heap after GC invocations=4 (full 0):
 PSYoungGen      total 141824K, used 10744K [0x000000076b180000, 0x0000000774680000, 0x00000007c0000000)
  eden space 131072K, 0% used [0x000000076b180000,0x000000076b180000,0x0000000773180000)
  from space 10752K, 99% used [0x0000000773c00000,0x000000077467e030,0x0000000774680000)
  to   space 10752K, 0% used [0x0000000773180000,0x0000000773180000,0x0000000773c00000)
 ParOldGen       total 175104K, used 12220K [0x00000006c1400000, 0x00000006cbf00000, 0x000000076b180000)
  object space 175104K, 6% used [0x00000006c1400000,0x00000006c1fef0e0,0x00000006cbf00000)
 Metaspace       used 15542K, capacity 15774K, committed 16000K, reserved 1062912K
  class space    used 1810K, capacity 1887K, committed 1920K, reserved 1048576K
}
Event: 5.748 GC heap before
{Heap before GC invocations=5 (full 0):
 PSYoungGen      total 141824K, used 125073K [0x000000076b180000, 0x0000000774680000, 0x00000007c0000000)
  eden space 131072K, 87% used [0x000000076b180000,0x00000007721265d0,0x0000000773180000)
  from space 10752K, 99% used [0x0000000773c00000,0x000000077467e030,0x0000000774680000)
  to   space 10752K, 0% used [0x0000000773180000,0x0000000773180000,0x0000000773c00000)
 ParOldGen       total 175104K, used 12220K [0x00000006c1400000, 0x00000006cbf00000, 0x000000076b180000)
  object space 175104K, 6% used [0x00000006c1400000,0x00000006c1fef0e0,0x00000006cbf00000)
 Metaspace       used 20646K, capacity 21152K, committed 21296K, reserved 1069056K
  class space    used 2464K, capacity 2616K, committed 2688K, reserved 1048576K
Event: 5.776 GC heap after
Heap after GC invocations=5 (full 0):
 PSYoungGen      total 141824K, used 10744K [0x000000076b180000, 0x0000000774680000, 0x00000007c0000000)
  eden space 131072K, 0% used [0x000000076b180000,0x000000076b180000,0x0000000773180000)
  from space 10752K, 99% used [0x0000000773180000,0x0000000773bfe030,0x0000000773c00000)
  to   space 10752K, 0% used [0x0000000773c00000,0x0000000773c00000,0x0000000774680000)
 ParOldGen       total 175104K, used 30007K [0x00000006c1400000, 0x00000006cbf00000, 0x000000076b180000)
  object space 175104K, 17% used [0x00000006c1400000,0x00000006c314de78,0x00000006cbf00000)
 Metaspace       used 20646K, capacity 21152K, committed 21296K, reserved 1069056K
  class space    used 2464K, capacity 2616K, committed 2688K, reserved 1048576K
}
Event: 5.776 GC heap before
{Heap before GC invocations=6 (full 1):
 PSYoungGen      total 141824K, used 10744K [0x000000076b180000, 0x0000000774680000, 0x00000007c0000000)
  eden space 131072K, 0% used [0x000000076b180000,0x000000076b180000,0x0000000773180000)
  from space 10752K, 99% used [0x0000000773180000,0x0000000773bfe030,0x0000000773c00000)
  to   space 10752K, 0% used [0x0000000773c00000,0x0000000773c00000,0x0000000774680000)
 ParOldGen       total 175104K, used 30007K [0x00000006c1400000, 0x00000006cbf00000, 0x000000076b180000)
  object space 175104K, 17% used [0x00000006c1400000,0x00000006c314de78,0x00000006cbf00000)
 Metaspace       used 20646K, capacity 21152K, committed 21296K, reserved 1069056K
  class space    used 2464K, capacity 2616K, committed 2688K, reserved 1048576K
Event: 5.978 GC heap after
Heap after GC invocations=6 (full 1):
 PSYoungGen      total 141824K, used 0K [0x000000076b180000, 0x0000000774680000, 0x00000007c0000000)
  eden space 131072K, 0% used [0x000000076b180000,0x000000076b180000,0x0000000773180000)
  from space 10752K, 0% used [0x0000000773180000,0x0000000773180000,0x0000000773c00000)
  to   space 10752K, 0% used [0x0000000773c00000,0x0000000773c00000,0x0000000774680000)
 ParOldGen       total 166400K, used 38362K [0x00000006c1400000, 0x00000006cb680000, 0x000000076b180000)
  object space 166400K, 23% used [0x00000006c1400000,0x00000006c3976a40,0x00000006cb680000)
 Metaspace       used 20646K, capacity 21152K, committed 21296K, reserved 1069056K
  class space    used 2464K, capacity 2616K, committed 2688K, reserved 1048576K
}

